Crashlog created at 2015-01-28 18:18:02 +0100

===== MESSAGE:

NoMethodError: undefined method `cleaned_identifier' for false:FalseClass

===== COMPILATION STACK:

  - [item]   /feed/ (rep default)

===== STACK TRACE:

  0. /Users/mf/.rvm/gems/ruby-1.9.3-p551/gems/nanoc-3.7.4/lib/nanoc/base/compilation/item_rep_proxy.rb:97:in `block in layout_with_identifier'
  1. /Users/mf/.rvm/gems/ruby-1.9.3-p551/gems/nanoc-3.7.4/lib/nanoc/base/compilation/item_rep_proxy.rb:97:in `each'
  2. /Users/mf/.rvm/gems/ruby-1.9.3-p551/gems/nanoc-3.7.4/lib/nanoc/base/compilation/item_rep_proxy.rb:97:in `find'
  3. /Users/mf/.rvm/gems/ruby-1.9.3-p551/gems/nanoc-3.7.4/lib/nanoc/base/compilation/item_rep_proxy.rb:97:in `layout_with_identifier'
  4. /Users/mf/.rvm/gems/ruby-1.9.3-p551/gems/nanoc-3.7.4/lib/nanoc/base/compilation/item_rep_proxy.rb:65:in `layout'
  5. /Users/mf/.rvm/gems/ruby-1.9.3-p551/gems/nanoc-3.7.4/lib/nanoc/base/compilation/rule_context.rb:74:in `layout'
  6. /Users/mf/Documents/Work/ProcessOne/Projects/Webapps/Boxcar/developer.boxcar.io/Rules:23:in `block in parse'
  7. /Users/mf/.rvm/gems/ruby-1.9.3-p551/gems/nanoc-3.7.4/lib/nanoc/base/compilation/rule.rb:70:in `instance_eval'
  8. /Users/mf/.rvm/gems/ruby-1.9.3-p551/gems/nanoc-3.7.4/lib/nanoc/base/compilation/rule.rb:70:in `apply_to'
  9. /Users/mf/.rvm/gems/ruby-1.9.3-p551/gems/nanoc-3.7.4/lib/nanoc/base/compilation/compiler.rb:387:in `compile_rep'
  10. /Users/mf/.rvm/gems/ruby-1.9.3-p551/gems/nanoc-3.7.4/lib/nanoc/base/compilation/compiler.rb:343:in `block in compile_reps'
  11. /Users/mf/.rvm/gems/ruby-1.9.3-p551/gems/nanoc-3.7.4/lib/nanoc/base/compilation/compiler.rb:336:in `loop'
  12. /Users/mf/.rvm/gems/ruby-1.9.3-p551/gems/nanoc-3.7.4/lib/nanoc/base/compilation/compiler.rb:336:in `compile_reps'
  13. /Users/mf/.rvm/gems/ruby-1.9.3-p551/gems/nanoc-3.7.4/lib/nanoc/base/compilation/compiler.rb:89:in `run'
  14. /Users/mf/.rvm/gems/ruby-1.9.3-p551/gems/nanoc-3.7.4/lib/nanoc/base/source_data/site.rb:59:in `compile'
  15. /Users/mf/.rvm/gems/ruby-1.9.3-p551/gems/nanoc-3.7.4/lib/nanoc/cli/commands/compile.rb:397:in `block in run'
  16. /Users/mf/.rvm/gems/ruby-1.9.3-p551/gems/nanoc-3.7.4/lib/nanoc/cli/commands/compile.rb:438:in `run_listeners_while'
  17. /Users/mf/.rvm/gems/ruby-1.9.3-p551/gems/nanoc-3.7.4/lib/nanoc/cli/commands/compile.rb:396:in `run'
  18. /Users/mf/.rvm/gems/ruby-1.9.3-p551/gems/nanoc-3.7.4/lib/nanoc/cli/command_runner.rb:14:in `block in call'
  19. /Users/mf/.rvm/gems/ruby-1.9.3-p551/gems/nanoc-3.7.4/lib/nanoc/cli/error_handler.rb:74:in `handle_while'
  20. /Users/mf/.rvm/gems/ruby-1.9.3-p551/gems/nanoc-3.7.4/lib/nanoc/cli/error_handler.rb:26:in `handle_while'
  21. /Users/mf/.rvm/gems/ruby-1.9.3-p551/gems/nanoc-3.7.4/lib/nanoc/cli/command_runner.rb:13:in `call'
  22. /Users/mf/.rvm/gems/ruby-1.9.3-p551/gems/cri-2.6.1/lib/cri/command_dsl.rb:223:in `block in runner'
  23. /Users/mf/.rvm/gems/ruby-1.9.3-p551/gems/cri-2.6.1/lib/cri/command.rb:298:in `call'
  24. /Users/mf/.rvm/gems/ruby-1.9.3-p551/gems/cri-2.6.1/lib/cri/command.rb:298:in `run_this'
  25. /Users/mf/.rvm/gems/ruby-1.9.3-p551/gems/cri-2.6.1/lib/cri/command.rb:251:in `run'
  26. /Users/mf/.rvm/gems/ruby-1.9.3-p551/gems/cri-2.6.1/lib/cri/command.rb:264:in `run'
  27. /Users/mf/.rvm/gems/ruby-1.9.3-p551/gems/nanoc-3.7.4/lib/nanoc/cli.rb:59:in `block in run'
  28. /Users/mf/.rvm/gems/ruby-1.9.3-p551/gems/nanoc-3.7.4/lib/nanoc/cli/error_handler.rb:74:in `handle_while'
  29. /Users/mf/.rvm/gems/ruby-1.9.3-p551/gems/nanoc-3.7.4/lib/nanoc/cli/error_handler.rb:26:in `handle_while'
  30. /Users/mf/.rvm/gems/ruby-1.9.3-p551/gems/nanoc-3.7.4/lib/nanoc/cli.rb:57:in `run'
  31. /Users/mf/.rvm/gems/ruby-1.9.3-p551/gems/nanoc-3.7.4/bin/nanoc:25:in `<top (required)>'
  32. /Users/mf/.rvm/gems/ruby-1.9.3-p551/bin/nanoc:23:in `load'
  33. /Users/mf/.rvm/gems/ruby-1.9.3-p551/bin/nanoc:23:in `<main>'
  34. /Users/mf/.rvm/gems/ruby-1.9.3-p551/bin/ruby_executable_hooks:15:in `eval'

===== VERSION INFORMATION:

nanoc 3.7.4 © 2007-2014 Denis Defreyne.
Running ruby 1.9.3 (2014-11-13) on x86_64-darwin14.0.0 with RubyGems 2.4.5.

===== SYSTEM INFORMATION:

Darwin h1st.local 14.0.0 Darwin Kernel Version 14.0.0: Fri Sep 19 00:26:44 PDT 2014; root:xnu-2782.1.97~2/RELEASE_X86_64 x86_64

===== INSTALLED GEMS:

  adsf 1.2.0
  builder 3.2.2
  bundler 1.7.10
  colored 1.2
  cri 2.6.1
  daemons 1.1.9
  eventmachine 1.0.3
  fssm 0.2.10
  kramdown 1.5.0
  mime-types 2.4.3
  nanoc 3.7.4
  nokogiri 1.4.7
  posix-spawn 0.3.9
  pygments.rb 0.6.0
  rack 1.5.2
  rake 10.4.0
  thin 1.6.3
  yajl-ruby 1.1.0

===== ENVIRONMENT:

Apple_PubSub_Socket_Render => "/private/tmp/com.apple.launchd.2T9O3QM49Y/Render"
BUNDLE_BIN_PATH => "/Users/mf/.rvm/gems/ruby-1.9.3-p551@global/gems/bundler-1.7.10/bin/bundle"
BUNDLE_GEMFILE => "/Users/mf/Documents/Work/ProcessOne/Projects/Webapps/Boxcar/developer.boxcar.io/Gemfile"
DISPLAY => "/private/tmp/com.apple.launchd.kx2054j60c/org.macosforge.xquartz:0"
GEM_HOME => "/Users/mf/.rvm/gems/ruby-1.9.3-p551"
GEM_PATH => "/Users/mf/.rvm/gems/ruby-1.9.3-p551:/Users/mf/.rvm/gems/ruby-1.9.3-p551@global"
HOME => "/Users/mf"
IRBRC => "/Users/mf/.rvm/rubies/ruby-1.9.3-p551/.irbrc"
LANG => "en_GB.UTF-8"
LOGNAME => "mf"
MANPATH => "/Users/mf/.rvm/gems/ruby-1.9.3-p551/gems/kramdown-1.5.0/man"
MY_RUBY_HOME => "/Users/mf/.rvm/rubies/ruby-1.9.3-p551"
OLDPWD => "/"
PATH => "/Users/mf/.rvm/gems/ruby-1.9.3-p551/bin:/Users/mf/.rvm/gems/ruby-1.9.3-p551@global/bin:/Users/mf/.rvm/rubies/ruby-1.9.3-p551/bin:/Users/mf/.rvm/bin:/opt/local/bin:/opt/local/sbin:/usr/local/sbin:/usr/local/bin:/opt/perl/bin:/Users/mf/perl5/perlbrew/bin:/Users/mf/perl5/perlbrew/perls/perl-5.14.2/bin:/usr/bin:/bin:/usr/sbin:/sbin:/opt/X11/bin:/usr/local/MacGPG2/bin:/opt/adt-bundle-mac-x86_64/sdk/platform-tools"
PATH_WITHOUT_PERLBREW => "/usr/local/bin:/usr/bin:/bin:/usr/sbin:/sbin:/opt/X11/bin:/usr/local/MacGPG2/bin"
PERLBREW_BASHRC_VERSION => "0.30"
PERLBREW_HOME => "/Users/mf/.perlbrew"
PERLBREW_PATH => "/Users/mf/perl5/perlbrew/bin:/Users/mf/perl5/perlbrew/perls/perl-5.14.2/bin"
PERLBREW_PERL => "perl-5.14.2"
PERLBREW_ROOT => "/Users/mf/perl5/perlbrew"
PERLBREW_VERSION => "0.30"
PWD => "/Users/mf/Documents/Work/ProcessOne/Projects/Webapps/Boxcar/developer.boxcar.io"
RUBYLIB => "/Users/mf/.rvm/gems/ruby-1.9.3-p551@global/gems/bundler-1.7.10/lib"
RUBYOPT => "-rbundler/setup"
RUBY_VERSION => "ruby-1.9.3-p551"
SHELL => "/bin/bash"
SHLVL => "1"
SSH_AUTH_SOCK => "/private/tmp/com.apple.launchd.cl67pkziMG/Listeners"
TERM => "xterm-256color"
TERM_PROGRAM => "Apple_Terminal"
TERM_PROGRAM_VERSION => "343"
TERM_SESSION_ID => "551B5301-E35F-49B6-851B-5F91A2847736"
TMPDIR => "/var/folders/sk/8nzqkhgd56q08y6hd25625q40000gn/T/"
USER => "mf"
XPC_FLAGS => "0x0"
XPC_SERVICE_NAME => "0"
_ => "/Users/mf/.rvm/gems/ruby-1.9.3-p551/bin/nanoc"
_ORIGINAL_GEM_PATH => "/Users/mf/.rvm/gems/ruby-1.9.3-p551:/Users/mf/.rvm/gems/ruby-1.9.3-p551@global"
__CF_USER_TEXT_ENCODING => "0x1F5:0x0:0x0"
_system_arch => "x86_64"
_system_name => "OSX"
_system_type => "Darwin"
_system_version => "10.10"
rvm_bin_path => "/Users/mf/.rvm/bin"
rvm_delete_flag => "0"
rvm_path => "/Users/mf/.rvm"
rvm_prefix => "/Users/mf"
rvm_ruby_string => "ruby-1.9.3-p551"
rvm_version => "1.26.7 (latest)"

===== GEMFILE.LOCK:

GEM
  remote: http://rubygems.org/
  specs:
    adsf (1.2.0)
      rack (>= 1.0.0)
    builder (3.2.2)
    colored (1.2)
    cri (2.6.1)
      colored (~> 1.2)
    daemons (1.1.9)
    eventmachine (1.0.3)
    fssm (0.2.10)
    kramdown (1.5.0)
    mime-types (2.4.3)
    nanoc (3.7.4)
      cri (~> 2.3)
    nokogiri (1.4.7)
    posix-spawn (0.3.9)
    pygments.rb (0.6.0)
      posix-spawn (~> 0.3.6)
      yajl-ruby (~> 1.1.0)
    rack (1.5.2)
    rake (10.4.0)
    thin (1.6.3)
      daemons (~> 1.0, >= 1.0.9)
      eventmachine (~> 1.0)
      rack (~> 1.0)
    yajl-ruby (1.1.0)

PLATFORMS
  ruby

DEPENDENCIES
  adsf
  builder
  fssm
  kramdown
  mime-types
  nanoc
  nokogiri (~> 1.4.4)
  pygments.rb
  rake
  thin
  yajl-ruby

===== LOAD PATHS:

  0. /Users/mf/.rvm/gems/ruby-1.9.3-p551/gems/nanoc-3.7.4/lib
  1. /Users/mf/.rvm/gems/ruby-1.9.3-p551/extensions/x86_64-darwin-14/1.9.1/thin-1.6.3
  2. /Users/mf/.rvm/gems/ruby-1.9.3-p551/gems/thin-1.6.3/lib
  3. /Users/mf/.rvm/gems/ruby-1.9.3-p551/gems/pygments.rb-0.6.0/lib
  4. /Users/mf/.rvm/gems/ruby-1.9.3-p551/extensions/x86_64-darwin-14/1.9.1/yajl-ruby-1.1.0
  5. /Users/mf/.rvm/gems/ruby-1.9.3-p551/gems/yajl-ruby-1.1.0/lib
  6. /Users/mf/.rvm/gems/ruby-1.9.3-p551/extensions/x86_64-darwin-14/1.9.1/posix-spawn-0.3.9
  7. /Users/mf/.rvm/gems/ruby-1.9.3-p551/gems/posix-spawn-0.3.9/lib
  8. /Users/mf/.rvm/gems/ruby-1.9.3-p551/extensions/x86_64-darwin-14/1.9.1/nokogiri-1.4.7
  9. /Users/mf/.rvm/gems/ruby-1.9.3-p551/gems/nokogiri-1.4.7/lib
  10. /Users/mf/.rvm/gems/ruby-1.9.3-p551/gems/nanoc-3.7.4/lib
  11. /Users/mf/.rvm/gems/ruby-1.9.3-p551/gems/mime-types-2.4.3/lib
  12. /Users/mf/.rvm/gems/ruby-1.9.3-p551/gems/kramdown-1.5.0/lib
  13. /Users/mf/.rvm/gems/ruby-1.9.3-p551/gems/fssm-0.2.10/lib
  14. /Users/mf/.rvm/gems/ruby-1.9.3-p551/extensions/x86_64-darwin-14/1.9.1/eventmachine-1.0.3
  15. /Users/mf/.rvm/gems/ruby-1.9.3-p551/gems/eventmachine-1.0.3/lib
  16. /Users/mf/.rvm/gems/ruby-1.9.3-p551/gems/daemons-1.1.9/lib
  17. /Users/mf/.rvm/gems/ruby-1.9.3-p551/gems/cri-2.6.1/lib
  18. /Users/mf/.rvm/gems/ruby-1.9.3-p551/gems/colored-1.2/lib
  19. /Users/mf/.rvm/gems/ruby-1.9.3-p551/gems/builder-3.2.2/lib
  20. /Users/mf/.rvm/gems/ruby-1.9.3-p551/gems/adsf-1.2.0/lib
  21. /Users/mf/.rvm/gems/ruby-1.9.3-p551/gems/rack-1.5.2/lib
  22. /Users/mf/.rvm/gems/ruby-1.9.3-p551/gems/rake-10.4.0/lib
  23. /Users/mf/.rvm/gems/ruby-1.9.3-p551@global/gems/bundler-1.7.10/lib
  24. /Users/mf/.rvm/rubies/ruby-1.9.3-p551/lib/ruby/site_ruby/1.9.1
  25. /Users/mf/.rvm/rubies/ruby-1.9.3-p551/lib/ruby/site_ruby/1.9.1/x86_64-darwin14.0.0
  26. /Users/mf/.rvm/rubies/ruby-1.9.3-p551/lib/ruby/site_ruby
  27. /Users/mf/.rvm/rubies/ruby-1.9.3-p551/lib/ruby/vendor_ruby/1.9.1
  28. /Users/mf/.rvm/rubies/ruby-1.9.3-p551/lib/ruby/vendor_ruby/1.9.1/x86_64-darwin14.0.0
  29. /Users/mf/.rvm/rubies/ruby-1.9.3-p551/lib/ruby/vendor_ruby
  30. /Users/mf/.rvm/rubies/ruby-1.9.3-p551/lib/ruby/1.9.1
  31. /Users/mf/.rvm/rubies/ruby-1.9.3-p551/lib/ruby/1.9.1/x86_64-darwin14.0.0
